{"uuid":"24b4173f-2a44-4ad0-ae11-bd3453c0b345","historyId":"62801567f7f5e058589a3bf7bb5b37b3","fullName":"CartTest.productRemoval","labels":[{"name":"package","value":"CartTest"},{"name":"testClass","value":"CartTest"},{"name":"testMethod","value":"productRemoval"},{"name":"parentSuite","value":"Default Suite"},{"name":"suite","value":"KitapyurduTestAutomation"},{"name":"subSuite","value":"CartTest"},{"name":"host","value":"esra-MacBook-Air-2.local"},{"name":"thread","value":"14629@esra-MacBook-Air-2.local.main(1)"},{"name":"framework","value":"testng"},{"name":"language","value":"java"},{"name":"feature","value":"Kitapyurdu.com Sepete Ürün Ekleme"}],"links":[],"name":"Eklenen Ürünü Çıkarma İşlemi","status":"failed","statusDetails":{"known":false,"muted":false,"flaky":false,"message":"expected [Sepetinizden çıkarılıyor!\n×] but found [Sepetinizden çıkarılıyor!]","trace":"java.lang.AssertionError: expected [Sepetinizden çıkarılıyor!\n×] but found [Sepetinizden çıkarılıyor!]\n\tat org.testng.Assert.fail(Assert.java:111)\n\tat org.testng.Assert.failNotEquals(Assert.java:1578)\n\tat org.testng.Assert.assertEqualsImpl(Assert.java:150)\n\tat org.testng.Assert.assertEquals(Assert.java:132)\n\tat org.testng.Assert.assertEquals(Assert.java:656)\n\tat org.testng.Assert.assertEquals(Assert.java:666)\n\tat Base.BaseLibrary.assertEquals(BaseLibrary.java:28)\n\tat CartTest.productRemoval(CartTest.java:34)\n\tat java.base/jdk.internal.reflect.NativeMethodAccessorImpl.invoke0(Native Method)\n\tat java.base/jdk.internal.reflect.NativeMethodAccessorImpl.invoke(NativeMethodAccessorImpl.java:77)\n\tat java.base/jdk.internal.reflect.DelegatingMethodAccessorImpl.invoke(DelegatingMethodAccessorImpl.java:43)\n\tat java.base/java.lang.reflect.Method.invoke(Method.java:569)\n\tat org.testng.internal.invokers.MethodInvocationHelper.invokeMethod(MethodInvocationHelper.java:141)\n\tat org.testng.internal.invokers.TestInvoker.invokeMethod(TestInvoker.java:686)\n\tat org.testng.internal.invokers.TestInvoker.invokeTestMethod(TestInvoker.java:230)\n\tat org.testng.internal.invokers.MethodRunner.runInSequence(MethodRunner.java:63)\n\tat org.testng.internal.invokers.TestInvoker$MethodInvocationAgent.invoke(TestInvoker.java:992)\n\tat org.testng.internal.invokers.TestInvoker.invokeTestMethods(TestInvoker.java:203)\n\tat org.testng.internal.invokers.TestMethodWorker.invokeTestMethods(TestMethodWorker.java:154)\n\tat org.testng.internal.invokers.TestMethodWorker.run(TestMethodWorker.java:134)\n\tat java.base/java.util.ArrayList.forEach(ArrayList.java:1511)\n\tat org.testng.TestRunner.privateRun(TestRunner.java:739)\n\tat org.testng.TestRunner.run(TestRunner.java:614)\n\tat org.testng.SuiteRunner.runTest(SuiteRunner.java:421)\n\tat org.testng.SuiteRunner.runSequentially(SuiteRunner.java:413)\n\tat org.testng.SuiteRunner.privateRun(SuiteRunner.java:373)\n\tat org.testng.SuiteRunner.run(SuiteRunner.java:312)\n\tat org.testng.SuiteRunnerWorker.runSuite(SuiteRunnerWorker.java:52)\n\tat org.testng.SuiteRunnerWorker.run(SuiteRunnerWorker.java:95)\n\tat org.testng.TestNG.runSuitesSequentially(TestNG.java:1274)\n\tat org.testng.TestNG.runSuitesLocally(TestNG.java:1208)\n\tat org.testng.TestNG.runSuites(TestNG.java:1112)\n\tat org.testng.TestNG.run(TestNG.java:1079)\n\tat com.intellij.rt.testng.IDEARemoteTestNG.run(IDEARemoteTestNG.java:65)\n\tat com.intellij.rt.testng.RemoteTestNGStarter.main(RemoteTestNGStarter.java:105)\n"},"stage":"finished","steps":[{"name":"Arama butonuna ürün adı girme","status":"passed","stage":"finished","steps":[],"attachments":[{"name":"Screenshot","source":"865e69fc-6974-45ca-8501-ea78a47ff0dd-attachment","type":"image/png"}],"parameters":[{"name":"Text","value":"Makarna"}],"start":1728575721014,"stop":1728575723822},{"name":"Arama ikonuna tıklama","status":"passed","stage":"finished","steps":[],"attachments":[],"parameters":[],"start":1728575723824,"stop":1728575728224},{"name":"3000süre beklenir","status":"passed","stage":"finished","steps":[],"attachments":[],"parameters":[{"name":"millis","value":"3000"}],"start":1728575728228,"stop":1728575731234},{"name":"Arama butonunda çıkan kitabı seçme","status":"passed","stage":"finished","steps":[],"attachments":[],"parameters":[],"start":1728575731235,"stop":1728575735841},{"name":"Sepete Ekle Adımı","status":"passed","stage":"finished","steps":[],"attachments":[],"parameters":[],"start":1728575735842,"stop":1728575736156},{"name":"3000süre beklenir","status":"passed","stage":"finished","steps":[],"attachments":[],"parameters":[{"name":"millis","value":"3000"}],"start":1728575736157,"stop":1728575739158},{"name":"Sepete Ekle Adımı","status":"passed","stage":"finished","steps":[],"attachments":[],"parameters":[],"start":1728575739158,"stop":1728575739297},{"name":"Sepetim ve sepete git butonuna tıklayın","status":"passed","stage":"finished","steps":[],"attachments":[],"parameters":[],"start":1728575739298,"stop":1728575743383},{"name":"Çarpı ikonuna tıklayın","status":"passed","stage":"finished","steps":[],"attachments":[{"name":"Screenshot","source":"3e5d8b36-0e9e-4839-9235-94fa4f505328-attachment","type":"image/png"}],"parameters":[],"start":1728575743384,"stop":1728575744518},{"name":"Sepetinizden çıkarılıyor,uyarı mesajının görüntülenmesi","status":"passed","stage":"finished","steps":[],"attachments":[{"name":"Screenshot","source":"94840968-685d-4b82-930c-50617c3fe3bc-attachment","type":"image/png"}],"parameters":[],"start":1728575744518,"stop":1728575745450},{"name":"Karşılaştırma İşlemi Sağlanır","status":"failed","statusDetails":{"known":false,"muted":false,"flaky":false,"message":"expected [Sepetinizden çıkarılıyor!\n×] but found [Sepetinizden çıkarılıyor!]","trace":"java.lang.AssertionError: expected [Sepetinizden çıkarılıyor!\n×] but found [Sepetinizden çıkarılıyor!]\n\tat org.testng.Assert.fail(Assert.java:111)\n\tat org.testng.Assert.failNotEquals(Assert.java:1578)\n\tat org.testng.Assert.assertEqualsImpl(Assert.java:150)\n\tat org.testng.Assert.assertEquals(Assert.java:132)\n\tat org.testng.Assert.assertEquals(Assert.java:656)\n\tat org.testng.Assert.assertEquals(Assert.java:666)\n\tat Base.BaseLibrary.assertEquals(BaseLibrary.java:28)\n\tat CartTest.productRemoval(CartTest.java:34)\n\tat java.base/jdk.internal.reflect.NativeMethodAccessorImpl.invoke0(Native Method)\n\tat java.base/jdk.internal.reflect.NativeMethodAccessorImpl.invoke(NativeMethodAccessorImpl.java:77)\n\tat java.base/jdk.internal.reflect.DelegatingMethodAccessorImpl.invoke(DelegatingMethodAccessorImpl.java:43)\n\tat java.base/java.lang.reflect.Method.invoke(Method.java:569)\n\tat org.testng.internal.invokers.MethodInvocationHelper.invokeMethod(MethodInvocationHelper.java:141)\n\tat org.testng.internal.invokers.TestInvoker.invokeMethod(TestInvoker.java:686)\n\tat org.testng.internal.invokers.TestInvoker.invokeTestMethod(TestInvoker.java:230)\n\tat org.testng.internal.invokers.MethodRunner.runInSequence(MethodRunner.java:63)\n\tat org.testng.internal.invokers.TestInvoker$MethodInvocationAgent.invoke(TestInvoker.java:992)\n\tat org.testng.internal.invokers.TestInvoker.invokeTestMethods(TestInvoker.java:203)\n\tat org.testng.internal.invokers.TestMethodWorker.invokeTestMethods(TestMethodWorker.java:154)\n\tat org.testng.internal.invokers.TestMethodWorker.run(TestMethodWorker.java:134)\n\tat java.base/java.util.ArrayList.forEach(ArrayList.java:1511)\n\tat org.testng.TestRunner.privateRun(TestRunner.java:739)\n\tat org.testng.TestRunner.run(TestRunner.java:614)\n\tat org.testng.SuiteRunner.runTest(SuiteRunner.java:421)\n\tat org.testng.SuiteRunner.runSequentially(SuiteRunner.java:413)\n\tat org.testng.SuiteRunner.privateRun(SuiteRunner.java:373)\n\tat org.testng.SuiteRunner.run(SuiteRunner.java:312)\n\tat org.testng.SuiteRunnerWorker.runSuite(SuiteRunnerWorker.java:52)\n\tat org.testng.SuiteRunnerWorker.run(SuiteRunnerWorker.java:95)\n\tat org.testng.TestNG.runSuitesSequentially(TestNG.java:1274)\n\tat org.testng.TestNG.runSuitesLocally(TestNG.java:1208)\n\tat org.testng.TestNG.runSuites(TestNG.java:1112)\n\tat org.testng.TestNG.run(TestNG.java:1079)\n\tat com.intellij.rt.testng.IDEARemoteTestNG.run(IDEARemoteTestNG.java:65)\n\tat com.intellij.rt.testng.RemoteTestNGStarter.main(RemoteTestNGStarter.java:105)\n"},"stage":"finished","steps":[],"attachments":[],"parameters":[{"name":"actual","value":"Sepetinizden çıkarılıyor!"},{"name":"expected","value":"Sepetinizden çıkarılıyor!\n×"}],"start":1728575745451,"stop":1728575745626}],"attachments":[],"parameters":[],"start":1728575720688,"stop":1728575745657}